  [1m[35m (100.3ms)[0m  [1m[35mCREATE TABLE "schema_migrations" ("version" varchar NOT NULL PRIMARY KEY)[0m
  [1m[35m (108.0ms)[0m  [1m[35mCREATE TABLE "ar_internal_metadata" ("key" varchar NOT NULL PRIMARY KEY, "value" varchar, "created_at" datetime NOT NULL, "updated_at" datetime NOT NULL)[0m
  [1m[36mActiveRecord::SchemaMigration Load (0.2ms)[0m  [1m[34mSELECT "schema_migrations".* FROM "schema_migrations"[0m
Migrating to CreateUsers (20170509071840)
  [1m[35m (0.1ms)[0m  [1m[36mbegin transaction[0m
  [1m[35m (0.7ms)[0m  [1m[35mCREATE TABLE "users" ("id" INTEGER PRIMARY KEY AUTOINCREMENT NOT NULL, "name" varchar, "email" varchar, "created_at" datetime NOT NULL, "updated_at" datetime NOT NULL)[0m
  [1m[35mSQL (0.2ms)[0m  [1m[32mINSERT INTO "schema_migrations" ("version") VALUES (?)[0m  [["version", "20170509071840"]]
  [1m[35m (106.5ms)[0m  [1m[36mcommit transaction[0m
  [1m[36mActiveRecord::InternalMetadata Load (0.2ms)[0m  [1m[34mSELECT  "ar_internal_metadata".* FROM "ar_internal_metadata" WHERE "ar_internal_metadata"."key" = ? LIMIT ?[0m  [["key", :environment], ["LIMIT", 1]]
  [1m[35m (0.1ms)[0m  [1m[36mbegin transaction[0m
  [1m[35mSQL (0.3ms)[0m  [1m[32mINSERT INTO "ar_internal_metadata" ("key", "value", "created_at", "updated_at") VALUES (?, ?, ?, ?)[0m  [["key", "environment"], ["value", "development"], ["created_at", 2017-05-09 07:19:12 UTC], ["updated_at", 2017-05-09 07:19:12 UTC]]
  [1m[35m (115.7ms)[0m  [1m[36mcommit transaction[0m
  [1m[36mActiveRecord::SchemaMigration Load (0.2ms)[0m  [1m[34mSELECT "schema_migrations".* FROM "schema_migrations"[0m
Started GET "/" for 127.0.0.1 at 2017-05-09 12:58:12 +0530
  [1m[36mActiveRecord::SchemaMigration Load (0.3ms)[0m  [1m[34mSELECT "schema_migrations".* FROM "schema_migrations"[0m
Processing by ApplicationController#hello as HTML
  Rendering html template
  Rendered html template (0.0ms)
Completed 200 OK in 12ms (Views: 4.7ms | ActiveRecord: 0.0ms)


Started GET "/users" for 127.0.0.1 at 2017-05-09 12:58:16 +0530
Processing by UsersController#index as HTML
  Rendering users/index.html.erb within layouts/application
  [1m[36mUser Load (0.4ms)[0m  [1m[34mSELECT "users".* FROM "users"[0m
  Rendered users/index.html.erb within layouts/application (6.2ms)
Completed 200 OK in 825ms (Views: 814.5ms | ActiveRecord: 0.8ms)


Started GET "/users/new" for 127.0.0.1 at 2017-05-09 12:58:20 +0530
Processing by UsersController#new as HTML
  Rendering users/new.html.erb within layouts/application
  Rendered users/_form.html.erb (19.7ms)
  Rendered users/new.html.erb within layouts/application (22.1ms)
Completed 200 OK in 55ms (Views: 44.9ms | ActiveRecord: 0.8ms)


Started POST "/users" for 127.0.0.1 at 2017-05-09 12:58:29 +0530
Processing by UsersController#create as HTML
  Parameters: {"utf8"=>"✓", "authenticity_token"=>"x2LMbgWL6KhxXK2qBemhHhHRUv7CP/dwVNqZTqjYwHeA3rkmkkIvwrWRvh225h0hStdHBfDAeNzP7LDj6R4Inw==", "user"=>{"name"=>"Murtaza", "email"=>"bagwalamurtaza@gmail.com"}, "commit"=>"Create User"}
  [1m[35m (0.2ms)[0m  [1m[36mbegin transaction[0m
  [1m[35mSQL (1.1ms)[0m  [1m[32mINSERT INTO "users" ("name", "email", "created_at", "updated_at") VALUES (?, ?, ?, ?)[0m  [["name", "Murtaza"], ["email", "bagwalamurtaza@gmail.com"], ["created_at", 2017-05-09 07:28:29 UTC], ["updated_at", 2017-05-09 07:28:29 UTC]]
  [1m[35m (164.5ms)[0m  [1m[36mcommit transaction[0m
Redirected to http://127.0.0.1:3000/users/1
Completed 302 Found in 172ms (ActiveRecord: 165.8ms)


Started GET "/users/1" for 127.0.0.1 at 2017-05-09 12:58:29 +0530
Processing by UsersController#show as HTML
  Parameters: {"id"=>"1"}
  [1m[36mUser Load (0.3ms)[0m  [1m[34mSELECT  "users".* FROM "users" WHERE "users"."id" = ? LIMIT ?[0m  [["id", 1], ["LIMIT", 1]]
  Rendering users/show.html.erb within layouts/application
  Rendered users/show.html.erb within layouts/application (0.7ms)
Completed 200 OK in 20ms (Views: 16.5ms | ActiveRecord: 0.3ms)


Started GET "/users/1/edit" for 127.0.0.1 at 2017-05-09 12:58:33 +0530
Processing by UsersController#edit as HTML
  Parameters: {"id"=>"1"}
  [1m[36mUser Load (0.3ms)[0m  [1m[34mSELECT  "users".* FROM "users" WHERE "users"."id" = ? LIMIT ?[0m  [["id", 1], ["LIMIT", 1]]
  Rendering users/edit.html.erb within layouts/application
  Rendered users/_form.html.erb (6.7ms)
  Rendered users/edit.html.erb within layouts/application (10.7ms)
Completed 200 OK in 46ms (Views: 42.4ms | ActiveRecord: 0.3ms)


Started PATCH "/users/1" for 127.0.0.1 at 2017-05-09 12:58:39 +0530
Processing by UsersController#update as HTML
  Parameters: {"utf8"=>"✓", "authenticity_token"=>"z2guuX7k0E53nq8P0cYpqLPylw74KithW4OayJKh1CPIbwTqO53GAzNBmfY9YyQ2PYXBTrt3CFK2lwjjrujtTg==", "user"=>{"name"=>"Murtaza", "email"=>"bagwaamurtaza@gmail.com"}, "commit"=>"Update User", "id"=>"1"}
  [1m[36mUser Load (0.6ms)[0m  [1m[34mSELECT  "users".* FROM "users" WHERE "users"."id" = ? LIMIT ?[0m  [["id", 1], ["LIMIT", 1]]
  [1m[35m (0.1ms)[0m  [1m[36mbegin transaction[0m
  [1m[35mSQL (1.8ms)[0m  [1m[33mUPDATE "users" SET "email" = ?, "updated_at" = ? WHERE "users"."id" = ?[0m  [["email", "bagwaamurtaza@gmail.com"], ["updated_at", 2017-05-09 07:28:39 UTC], ["id", 1]]
  [1m[35m (168.2ms)[0m  [1m[36mcommit transaction[0m
Redirected to http://127.0.0.1:3000/users/1
Completed 302 Found in 183ms (ActiveRecord: 170.8ms)


Started GET "/users/1" for 127.0.0.1 at 2017-05-09 12:58:39 +0530
Processing by UsersController#show as HTML
  Parameters: {"id"=>"1"}
  [1m[36mUser Load (0.3ms)[0m  [1m[34mSELECT  "users".* FROM "users" WHERE "users"."id" = ? LIMIT ?[0m  [["id", 1], ["LIMIT", 1]]
  Rendering users/show.html.erb within layouts/application
  Rendered users/show.html.erb within layouts/application (1.1ms)
Completed 200 OK in 30ms (Views: 28.0ms | ActiveRecord: 0.3ms)


Started GET "/users" for 127.0.0.1 at 2017-05-09 12:58:41 +0530
Processing by UsersController#index as HTML
  Rendering users/index.html.erb within layouts/application
  [1m[36mUser Load (0.5ms)[0m  [1m[34mSELECT "users".* FROM "users"[0m
  Rendered users/index.html.erb within layouts/application (3.8ms)
Completed 200 OK in 36ms (Views: 33.2ms | ActiveRecord: 0.5ms)


Started GET "/users/new" for 127.0.0.1 at 2017-05-09 12:58:44 +0530
Processing by UsersController#new as HTML
  Rendering users/new.html.erb within layouts/application
  Rendered users/_form.html.erb (6.0ms)
  Rendered users/new.html.erb within layouts/application (8.2ms)
Completed 200 OK in 43ms (Views: 40.7ms | ActiveRecord: 0.0ms)


Started GET "/users" for 127.0.0.1 at 2017-05-09 12:58:46 +0530
Processing by UsersController#index as HTML
  Rendering users/index.html.erb within layouts/application
  [1m[36mUser Load (0.3ms)[0m  [1m[34mSELECT "users".* FROM "users"[0m
  Rendered users/index.html.erb within layouts/application (4.2ms)
Completed 200 OK in 39ms (Views: 36.5ms | ActiveRecord: 0.3ms)


Started GET "/users/1/edit" for 127.0.0.1 at 2017-05-09 12:58:49 +0530
Processing by UsersController#edit as HTML
  Parameters: {"id"=>"1"}
  [1m[36mUser Load (0.3ms)[0m  [1m[34mSELECT  "users".* FROM "users" WHERE "users"."id" = ? LIMIT ?[0m  [["id", 1], ["LIMIT", 1]]
  Rendering users/edit.html.erb within layouts/application
  Rendered users/_form.html.erb (6.1ms)
  Rendered users/edit.html.erb within layouts/application (9.1ms)
Completed 200 OK in 49ms (Views: 46.3ms | ActiveRecord: 0.3ms)


Started GET "/users/1" for 127.0.0.1 at 2017-05-09 13:18:57 +0530
Processing by UsersController#show as HTML
  Parameters: {"id"=>"1"}
  [1m[36mUser Load (0.2ms)[0m  [1m[34mSELECT  "users".* FROM "users" WHERE "users"."id" = ? LIMIT ?[0m  [["id", 1], ["LIMIT", 1]]
  Rendering users/show.html.erb within layouts/application
  Rendered users/show.html.erb within layouts/application (1.3ms)
Completed 200 OK in 35ms (Views: 32.5ms | ActiveRecord: 0.2ms)


Started GET "/users" for 127.0.0.1 at 2017-05-09 13:19:00 +0530
Processing by UsersController#index as HTML
  Rendering users/index.html.erb within layouts/application
  [1m[36mUser Load (0.3ms)[0m  [1m[34mSELECT "users".* FROM "users"[0m
  Rendered users/index.html.erb within layouts/application (3.5ms)
Completed 200 OK in 48ms (Views: 46.4ms | ActiveRecord: 0.3ms)


Started DELETE "/users/1" for 127.0.0.1 at 2017-05-09 13:19:04 +0530
Processing by UsersController#destroy as HTML
  Parameters: {"authenticity_token"=>"555BKS64F1YWbe5aVCO7UVaUiaSkBLtQT0L1R+nrUCLXOv0GOWq3IqSIeex9cw5rbksZn0/j7ycr0zwP9lzdvg==", "id"=>"1"}
  [1m[36mUser Load (0.2ms)[0m  [1m[34mSELECT  "users".* FROM "users" WHERE "users"."id" = ? LIMIT ?[0m  [["id", 1], ["LIMIT", 1]]
  [1m[35m (0.1ms)[0m  [1m[36mbegin transaction[0m
  [1m[35mSQL (0.9ms)[0m  [1m[31mDELETE FROM "users" WHERE "users"."id" = ?[0m  [["id", 1]]
  [1m[35m (109.6ms)[0m  [1m[36mcommit transaction[0m
Redirected to http://127.0.0.1:3000/users
Completed 302 Found in 115ms (ActiveRecord: 110.7ms)


Started GET "/users" for 127.0.0.1 at 2017-05-09 13:19:04 +0530
Processing by UsersController#index as HTML
  Rendering users/index.html.erb within layouts/application
  [1m[36mUser Load (0.2ms)[0m  [1m[34mSELECT "users".* FROM "users"[0m
  Rendered users/index.html.erb within layouts/application (1.6ms)
Completed 200 OK in 26ms (Views: 24.9ms | ActiveRecord: 0.2ms)


Started GET "/users" for 127.0.0.1 at 2017-05-09 13:36:11 +0530
Processing by UsersController#index as HTML
  Rendering users/index.html.erb within layouts/application
  [1m[36mUser Load (0.2ms)[0m  [1m[34mSELECT "users".* FROM "users"[0m
  Rendered users/index.html.erb within layouts/application (2.1ms)
Completed 200 OK in 38ms (Views: 36.1ms | ActiveRecord: 0.2ms)


Started GET "/" for 127.0.0.1 at 2017-05-09 13:36:15 +0530
Processing by ApplicationController#hello as HTML
  Rendering html template
  Rendered html template (0.4ms)
Completed 200 OK in 5ms (Views: 3.7ms | ActiveRecord: 0.0ms)


Started GET "/users" for 127.0.0.1 at 2017-05-09 13:36:20 +0530
Processing by UsersController#index as HTML
  Rendering users/index.html.erb within layouts/application
  [1m[36mUser Load (0.3ms)[0m  [1m[34mSELECT "users".* FROM "users"[0m
  Rendered users/index.html.erb within layouts/application (4.0ms)
Completed 200 OK in 36ms (Views: 34.5ms | ActiveRecord: 0.3ms)


Started GET "/users" for 127.0.0.1 at 2017-05-09 15:42:44 +0530
  [1m[36mActiveRecord::SchemaMigration Load (0.1ms)[0m  [1m[34mSELECT "schema_migrations".* FROM "schema_migrations"[0m
  
ActiveRecord::PendingMigrationError (

Migrations are pending. To resolve this issue, run:

        bin/rails db:migrate RAILS_ENV=development

):
  
activerecord (5.0.1) lib/active_record/migration.rb:573:in `check_pending!'
activerecord (5.0.1) lib/active_record/migration.rb:549:in `call'
actionpack (5.0.1) lib/action_dispatch/middleware/callbacks.rb:38:in `block in call'
activesupport (5.0.1) lib/active_support/callbacks.rb:97:in `__run_callbacks__'
activesupport (5.0.1) lib/active_support/callbacks.rb:750:in `_run_call_callbacks'
activesupport (5.0.1) lib/active_support/callbacks.rb:90:in `run_callbacks'
actionpack (5.0.1) lib/action_dispatch/middleware/callbacks.rb:36:in `call'
actionpack (5.0.1) lib/action_dispatch/middleware/executor.rb:12:in `call'
actionpack (5.0.1) lib/action_dispatch/middleware/remote_ip.rb:79:in `call'
actionpack (5.0.1) lib/action_dispatch/middleware/debug_exceptions.rb:49:in `call'
web-console (3.1.1) lib/web_console/middleware.rb:131:in `call_app'
web-console (3.1.1) lib/web_console/middleware.rb:28:in `block in call'
web-console (3.1.1) lib/web_console/middleware.rb:18:in `catch'
web-console (3.1.1) lib/web_console/middleware.rb:18:in `call'
actionpack (5.0.1) lib/action_dispatch/middleware/show_exceptions.rb:31:in `call'
railties (5.0.1) lib/rails/rack/logger.rb:36:in `call_app'
railties (5.0.1) lib/rails/rack/logger.rb:24:in `block in call'
activesupport (5.0.1) lib/active_support/tagged_logging.rb:69:in `block in tagged'
activesupport (5.0.1) lib/active_support/tagged_logging.rb:26:in `tagged'
activesupport (5.0.1) lib/active_support/tagged_logging.rb:69:in `tagged'
railties (5.0.1) lib/rails/rack/logger.rb:24:in `call'
sprockets-rails (3.2.0) lib/sprockets/rails/quiet_assets.rb:13:in `call'
actionpack (5.0.1) lib/action_dispatch/middleware/request_id.rb:24:in `call'
rack (2.0.2) lib/rack/method_override.rb:22:in `call'
rack (2.0.2) lib/rack/runtime.rb:22:in `call'
activesupport (5.0.1) lib/active_support/cache/strategy/local_cache_middleware.rb:28:in `call'
actionpack (5.0.1) lib/action_dispatch/middleware/executor.rb:12:in `call'
actionpack (5.0.1) lib/action_dispatch/middleware/static.rb:136:in `call'
rack (2.0.2) lib/rack/sendfile.rb:111:in `call'
railties (5.0.1) lib/rails/engine.rb:522:in `call'
puma (3.4.0) lib/puma/configuration.rb:224:in `call'
puma (3.4.0) lib/puma/server.rb:569:in `handle_request'
puma (3.4.0) lib/puma/server.rb:406:in `process_client'
puma (3.4.0) lib/puma/server.rb:271:in `block in run'
puma (3.4.0) lib/puma/thread_pool.rb:114:in `block in spawn_thread'
  Rendering /home/webonise/.rbenv/versions/2.4.0/lib/ruby/gems/2.4.0/gems/actionpack-5.0.1/lib/action_dispatch/middleware/templates/rescues/diagnostics.html.erb within rescues/layout
  Rendering /home/webonise/.rbenv/versions/2.4.0/lib/ruby/gems/2.4.0/gems/actionpack-5.0.1/lib/action_dispatch/middleware/templates/rescues/_source.html.erb
  Rendered /home/webonise/.rbenv/versions/2.4.0/lib/ruby/gems/2.4.0/gems/actionpack-5.0.1/lib/action_dispatch/middleware/templates/rescues/_source.html.erb (2.0ms)
  Rendering /home/webonise/.rbenv/versions/2.4.0/lib/ruby/gems/2.4.0/gems/actionpack-5.0.1/lib/action_dispatch/middleware/templates/rescues/_trace.html.erb
  Rendered /home/webonise/.rbenv/versions/2.4.0/lib/ruby/gems/2.4.0/gems/actionpack-5.0.1/lib/action_dispatch/middleware/templates/rescues/_trace.html.erb (1.2ms)
  Rendering /home/webonise/.rbenv/versions/2.4.0/lib/ruby/gems/2.4.0/gems/actionpack-5.0.1/lib/action_dispatch/middleware/templates/rescues/_request_and_response.html.erb
  Rendered /home/webonise/.rbenv/versions/2.4.0/lib/ruby/gems/2.4.0/gems/actionpack-5.0.1/lib/action_dispatch/middleware/templates/rescues/_request_and_response.html.erb (0.7ms)
  Rendered /home/webonise/.rbenv/versions/2.4.0/lib/ruby/gems/2.4.0/gems/actionpack-5.0.1/lib/action_dispatch/middleware/templates/rescues/diagnostics.html.erb within rescues/layout (21.0ms)
  Rendering /home/webonise/.rbenv/versions/2.4.0/lib/ruby/gems/2.4.0/gems/web-console-3.1.1/lib/web_console/templates/index.html.erb
  Rendered /home/webonise/.rbenv/versions/2.4.0/lib/ruby/gems/2.4.0/gems/web-console-3.1.1/lib/web_console/templates/_markup.html.erb (0.4ms)
  Rendering /home/webonise/.rbenv/versions/2.4.0/lib/ruby/gems/2.4.0/gems/web-console-3.1.1/lib/web_console/templates/console.js.erb within layouts/javascript
  Rendering /home/webonise/.rbenv/versions/2.4.0/lib/ruby/gems/2.4.0/gems/web-console-3.1.1/lib/web_console/templates/_inner_console_markup.html.erb within layouts/inlined_string
  Rendered /home/webonise/.rbenv/versions/2.4.0/lib/ruby/gems/2.4.0/gems/web-console-3.1.1/lib/web_console/templates/_inner_console_markup.html.erb within layouts/inlined_string (0.3ms)
  Rendering /home/webonise/.rbenv/versions/2.4.0/lib/ruby/gems/2.4.0/gems/web-console-3.1.1/lib/web_console/templates/_prompt_box_markup.html.erb within layouts/inlined_string
  Rendered /home/webonise/.rbenv/versions/2.4.0/lib/ruby/gems/2.4.0/gems/web-console-3.1.1/lib/web_console/templates/_prompt_box_markup.html.erb within layouts/inlined_string (0.3ms)
  Rendering /home/webonise/.rbenv/versions/2.4.0/lib/ruby/gems/2.4.0/gems/web-console-3.1.1/lib/web_console/templates/style.css.erb within layouts/inlined_string
  Rendered /home/webonise/.rbenv/versions/2.4.0/lib/ruby/gems/2.4.0/gems/web-console-3.1.1/lib/web_console/templates/style.css.erb within layouts/inlined_string (0.4ms)
  Rendered /home/webonise/.rbenv/versions/2.4.0/lib/ruby/gems/2.4.0/gems/web-console-3.1.1/lib/web_console/templates/console.js.erb within layouts/javascript (19.4ms)
  Rendering /home/webonise/.rbenv/versions/2.4.0/lib/ruby/gems/2.4.0/gems/web-console-3.1.1/lib/web_console/templates/main.js.erb within layouts/javascript
  Rendered /home/webonise/.rbenv/versions/2.4.0/lib/ruby/gems/2.4.0/gems/web-console-3.1.1/lib/web_console/templates/main.js.erb within layouts/javascript (0.2ms)
  Rendered /home/webonise/.rbenv/versions/2.4.0/lib/ruby/gems/2.4.0/gems/web-console-3.1.1/lib/web_console/templates/index.html.erb (31.9ms)
  [1m[36mActiveRecord::SchemaMigration Load (0.1ms)[0m  [1m[34mSELECT "schema_migrations".* FROM "schema_migrations"[0m
Migrating to CreateMicroposts (20170509092256)
  [1m[35m (0.1ms)[0m  [1m[36mbegin transaction[0m
  [1m[35m (0.9ms)[0m  [1m[35mCREATE TABLE "microposts" ("id" INTEGER PRIMARY KEY AUTOINCREMENT NOT NULL, "content" text, "user_id" integer, "created_at" datetime NOT NULL, "updated_at" datetime NOT NULL)[0m
  [1m[35mSQL (0.3ms)[0m  [1m[32mINSERT INTO "schema_migrations" ("version") VALUES (?)[0m  [["version", "20170509092256"]]
  [1m[35m (136.5ms)[0m  [1m[36mcommit transaction[0m
  [1m[36mActiveRecord::InternalMetadata Load (0.3ms)[0m  [1m[34mSELECT  "ar_internal_metadata".* FROM "ar_internal_metadata" WHERE "ar_internal_metadata"."key" = ? LIMIT ?[0m  [["key", :environment], ["LIMIT", 1]]
  [1m[35m (0.1ms)[0m  [1m[36mbegin transaction[0m
  [1m[35m (0.1ms)[0m  [1m[36mcommit transaction[0m
  [1m[36mActiveRecord::SchemaMigration Load (0.2ms)[0m  [1m[34mSELECT "schema_migrations".* FROM "schema_migrations"[0m
Started GET "/users" for 127.0.0.1 at 2017-05-09 15:43:13 +0530
  [1m[36mActiveRecord::SchemaMigration Load (0.2ms)[0m  [1m[34mSELECT "schema_migrations".* FROM "schema_migrations"[0m
Processing by UsersController#index as HTML
  Rendering users/index.html.erb within layouts/application
  [1m[36mUser Load (0.1ms)[0m  [1m[34mSELECT "users".* FROM "users"[0m
  Rendered users/index.html.erb within layouts/application (4.5ms)
Completed 200 OK in 285ms (Views: 268.1ms | ActiveRecord: 0.3ms)


Started GET "/users/new" for 127.0.0.1 at 2017-05-09 15:43:16 +0530
Processing by UsersController#new as HTML
  Rendering users/new.html.erb within layouts/application
  Rendered users/_form.html.erb (18.4ms)
  Rendered users/new.html.erb within layouts/application (20.5ms)
Completed 200 OK in 57ms (Views: 43.6ms | ActiveRecord: 1.1ms)


Started POST "/users" for 127.0.0.1 at 2017-05-09 15:43:24 +0530
Processing by UsersController#create as HTML
  Parameters: {"utf8"=>"✓", "authenticity_token"=>"bO3bKhWzacgP+75TWiF+FUswXby4EZP9clBwDrR/8zkrUa5ignquoss2reTpLsIqEDZIR4ruHFHpZlmj9bk70Q==", "user"=>{"name"=>"Murtaza", "email"=>"bagwalamurtaza@gmail.com"}, "commit"=>"Create User"}
  [1m[35m (0.1ms)[0m  [1m[36mbegin transaction[0m
  [1m[35mSQL (2.5ms)[0m  [1m[32mINSERT INTO "users" ("name", "email", "created_at", "updated_at") VALUES (?, ?, ?, ?)[0m  [["name", "Murtaza"], ["email", "bagwalamurtaza@gmail.com"], ["created_at", 2017-05-09 10:13:24 UTC], ["updated_at", 2017-05-09 10:13:24 UTC]]
  [1m[35m (121.9ms)[0m  [1m[36mcommit transaction[0m
Redirected to http://127.0.0.1:3000/users/2
Completed 302 Found in 135ms (ActiveRecord: 124.6ms)


Started GET "/users/2" for 127.0.0.1 at 2017-05-09 15:43:24 +0530
Processing by UsersController#show as HTML
  Parameters: {"id"=>"2"}
  [1m[36mUser Load (0.3ms)[0m  [1m[34mSELECT  "users".* FROM "users" WHERE "users"."id" = ? LIMIT ?[0m  [["id", 2], ["LIMIT", 1]]
  Rendering users/show.html.erb within layouts/application
  Rendered users/show.html.erb within layouts/application (1.1ms)
Completed 200 OK in 34ms (Views: 29.0ms | ActiveRecord: 0.3ms)


Started GET "/users" for 127.0.0.1 at 2017-05-09 15:43:32 +0530
Processing by UsersController#index as HTML
  Rendering users/index.html.erb within layouts/application
  [1m[36mUser Load (0.3ms)[0m  [1m[34mSELECT "users".* FROM "users"[0m
  Rendered users/index.html.erb within layouts/application (4.1ms)
Completed 200 OK in 42ms (Views: 39.5ms | ActiveRecord: 0.3ms)


Started GET "/users/2" for 127.0.0.1 at 2017-05-09 15:43:34 +0530
Processing by UsersController#show as HTML
  Parameters: {"id"=>"2"}
  [1m[36mUser Load (0.2ms)[0m  [1m[34mSELECT  "users".* FROM "users" WHERE "users"."id" = ? LIMIT ?[0m  [["id", 2], ["LIMIT", 1]]
  Rendering users/show.html.erb within layouts/application
  Rendered users/show.html.erb within layouts/application (2.2ms)
Completed 200 OK in 50ms (Views: 46.6ms | ActiveRecord: 0.2ms)


Started GET "/microposts" for 127.0.0.1 at 2017-05-09 15:43:44 +0530
Processing by MicropostsController#index as HTML
  Rendering microposts/index.html.erb within layouts/application
  [1m[36mMicropost Load (0.3ms)[0m  [1m[34mSELECT "microposts".* FROM "microposts"[0m
  Rendered microposts/index.html.erb within layouts/application (3.9ms)
Completed 200 OK in 56ms (Views: 34.5ms | ActiveRecord: 0.7ms)


Started GET "/microposts/new" for 127.0.0.1 at 2017-05-09 15:43:51 +0530
Processing by MicropostsController#new as HTML
  Rendering microposts/new.html.erb within layouts/application
  Rendered microposts/_form.html.erb (8.3ms)
  Rendered microposts/new.html.erb within layouts/application (10.6ms)
Completed 200 OK in 69ms (Views: 56.0ms | ActiveRecord: 0.6ms)


Started POST "/microposts" for 127.0.0.1 at 2017-05-09 15:44:00 +0530
Processing by MicropostsController#create as HTML
  Parameters: {"utf8"=>"✓", "authenticity_token"=>"8us6DaPZfPsxJ8rVlVi7iHkYluWuoJ0LKtRIxcbRtKLAQYs17XZDQzc8SSIZSTaKxBAvlwFoQWrqBYnggrAJWQ==", "micropost"=>{"content"=>"He", "user_id"=>"1"}, "commit"=>"Create Micropost"}
  [1m[35m (0.1ms)[0m  [1m[36mbegin transaction[0m
  [1m[36mUser Load (0.3ms)[0m  [1m[34mSELECT  "users".* FROM "users" WHERE "users"."id" = ? LIMIT ?[0m  [["id", 1], ["LIMIT", 1]]
  [1m[35m (0.2ms)[0m  [1m[31mrollback transaction[0m
  Rendering microposts/new.html.erb within layouts/application
  Rendered microposts/_form.html.erb (3.9ms)
  Rendered microposts/new.html.erb within layouts/application (6.6ms)
Completed 200 OK in 59ms (Views: 36.9ms | ActiveRecord: 0.6ms)


Started POST "/microposts" for 127.0.0.1 at 2017-05-09 15:45:37 +0530
Processing by MicropostsController#create as HTML
  Parameters: {"utf8"=>"✓", "authenticity_token"=>"wx9vo4aAD+ONYdtUk3+9s9AhhfPe9U8z00pE0QuVOFXzu9OMkVKvlz+ETOK6LwiJ6P4VyDUSG0S3242ZFCK1yQ==", "micropost"=>{"content"=>"He", "user_id"=>"2"}, "commit"=>"Create Micropost"}
  [1m[35m (0.2ms)[0m  [1m[36mbegin transaction[0m
  [1m[36mUser Load (0.2ms)[0m  [1m[34mSELECT  "users".* FROM "users" WHERE "users"."id" = ? LIMIT ?[0m  [["id", 2], ["LIMIT", 1]]
  [1m[35m (0.1ms)[0m  [1m[31mrollback transaction[0m
  Rendering microposts/new.html.erb within layouts/application
  Rendered microposts/_form.html.erb (3.1ms)
  Rendered microposts/new.html.erb within layouts/application (5.1ms)
Completed 200 OK in 45ms (Views: 37.2ms | ActiveRecord: 0.5ms)


  [1m[36mUser Load (0.2ms)[0m  [1m[34mSELECT  "users".* FROM "users" ORDER BY "users"."id" ASC LIMIT ?[0m  [["LIMIT", 1]]
  [1m[36mMicropost Load (0.2ms)[0m  [1m[34mSELECT "microposts".* FROM "microposts" WHERE "microposts"."user_id" = ?[0m  [["user_id", 2]]
Started POST "/microposts" for 127.0.0.1 at 2017-05-09 15:47:01 +0530
Processing by MicropostsController#create as HTML
  Parameters: {"utf8"=>"✓", "authenticity_token"=>"DLnceo2kESB2Sy7bJOqnntrnUHi4HoRUnp1T5C32jQU8HWBVmnaxVMSuuW0NuhKk4jjAQ1P50CP6DJqsMkEAmQ==", "micropost"=>{"content"=>"ssssssssssssssssssHe", "user_id"=>"2"}, "commit"=>"Create Micropost"}
  [1m[35m (0.2ms)[0m  [1m[36mbegin transaction[0m
  [1m[36mUser Load (0.3ms)[0m  [1m[34mSELECT  "users".* FROM "users" WHERE "users"."id" = ? LIMIT ?[0m  [["id", 2], ["LIMIT", 1]]
  [1m[35mSQL (3.4ms)[0m  [1m[32mINSERT INTO "microposts" ("content", "user_id", "created_at", "updated_at") VALUES (?, ?, ?, ?)[0m  [["content", "ssssssssssssssssssHe"], ["user_id", 2], ["created_at", 2017-05-09 10:17:01 UTC], ["updated_at", 2017-05-09 10:17:01 UTC]]
  [1m[35m (103.8ms)[0m  [1m[36mcommit transaction[0m
Redirected to http://127.0.0.1:3000/microposts/1
Completed 302 Found in 120ms (ActiveRecord: 107.6ms)


Started GET "/microposts/1" for 127.0.0.1 at 2017-05-09 15:47:01 +0530
Processing by MicropostsController#show as HTML
  Parameters: {"id"=>"1"}
  [1m[36mMicropost Load (0.2ms)[0m  [1m[34mSELECT  "microposts".* FROM "microposts" WHERE "microposts"."id" = ? LIMIT ?[0m  [["id", 1], ["LIMIT", 1]]
  Rendering microposts/show.html.erb within layouts/application
  Rendered microposts/show.html.erb within layouts/application (1.1ms)
Completed 200 OK in 29ms (Views: 26.0ms | ActiveRecord: 0.2ms)


Started GET "/microposts" for 127.0.0.1 at 2017-05-09 15:47:04 +0530
Processing by MicropostsController#index as HTML
  Rendering microposts/index.html.erb within layouts/application
  [1m[36mMicropost Load (0.3ms)[0m  [1m[34mSELECT "microposts".* FROM "microposts"[0m
  Rendered microposts/index.html.erb within layouts/application (3.3ms)
Completed 200 OK in 42ms (Views: 39.6ms | ActiveRecord: 0.3ms)


  [1m[36mUser Load (0.3ms)[0m  [1m[34mSELECT  "users".* FROM "users" ORDER BY "users"."id" ASC LIMIT ?[0m  [["LIMIT", 1]]
  [1m[36mMicropost Load (0.2ms)[0m  [1m[34mSELECT  "microposts".* FROM "microposts" ORDER BY "microposts"."id" ASC LIMIT ?[0m  [["LIMIT", 1]]
  [1m[36mUser Load (0.2ms)[0m  [1m[34mSELECT  "users".* FROM "users" ORDER BY "users"."id" ASC LIMIT ?[0m  [["LIMIT", 1]]
  [1m[36mMicropost Load (0.2ms)[0m  [1m[34mSELECT "microposts".* FROM "microposts" WHERE "microposts"."user_id" = ?[0m  [["user_id", 2]]
